[09/Apr/2022:08:28:43] (I): WordPress Instance Info:
[09/Apr/2022:08:28:43] (I): Home URL : https://tolumoyan.com
[09/Apr/2022:08:28:43] (I): Site URL : https://tolumoyan.com
[09/Apr/2022:08:28:43] (I): WordPress Version : 5.9.3
[09/Apr/2022:08:28:43] (I): Onboarding Version : 1.1.21
[09/Apr/2022:08:28:43] (I): Multisite : No
[09/Apr/2022:08:28:43] (I): Server Info : LiteSpeed
[09/Apr/2022:08:28:43] (I): PHP Version : 7.2.34
[09/Apr/2022:08:28:43] (I): HTTPS : Yes
[09/Apr/2022:08:28:43] (I): PHP Max Execution Time : 1500
[09/Apr/2022:08:28:43] (I): PHP Max Input Vars : 2000
[09/Apr/2022:08:28:43] (I): Max Upload Size : 1073741824
[09/Apr/2022:08:28:43] (I): Plugins:
[09/Apr/2022:08:28:43] (I): [PLUGIN] LiteSpeed Cache : v4.6 (LiteSpeed Technologies)
[09/Apr/2022:08:28:43] (I): [PLUGIN] Loginizer : v1.7.0 (Softaculous)
[09/Apr/2022:08:28:43] (I): [PLUGIN] Gutenberg Blocks and Template Library by Otter : v2.0.1 (ThemeIsle)
[09/Apr/2022:08:28:43] (I): [PLUGIN] Templates Patterns Collection : v1.1.21 (ThemeIsle)
[09/Apr/2022:08:28:43] (I): [PLUGIN] Orbit Fox Companion : v2.10.11 (Themeisle)
[09/Apr/2022:08:28:43] (I): [PLUGIN] WooCommerce : v6.3.1 (Automattic)
[09/Apr/2022:08:28:43] (I): [PLUGIN] WPForms Lite : v1.7.3 (WPForms)
[09/Apr/2022:08:28:43] (P): Saving remote XML
[09/Apr/2022:08:28:44] (S): Saved remote XML at path /home/imoftosk/tolumoyan/wp-content/uploads/themeisle-demo-import.xml.
[09/Apr/2022:08:28:44] (P): Starting content import...
[09/Apr/2022:08:28:44] (S): Import started.
[09/Apr/2022:08:28:44] (S): Parsing XML file.
[09/Apr/2022:08:28:44] (P): Starting parsing file:/home/imoftosk/tolumoyan/wp-content/uploads/themeisle-demo-import.xml
[09/Apr/2022:08:28:44] (P): Using WXR_Parser_SimpleXML...
[09/Apr/2022:08:28:44] (S): Parsed XML
[09/Apr/2022:08:28:44] (P): Processing categories...
[09/Apr/2022:08:28:44] (S): Processed categories.
[09/Apr/2022:08:28:44] (P): Processing tags...
[09/Apr/2022:08:28:44] (S): No tags to process.
[09/Apr/2022:08:28:44] (P): Processing terms...
[09/Apr/2022:08:28:45] (S): Processed terms.
[09/Apr/2022:08:28:45] (P): Processing posts...
[09/Apr/2022:08:28:45] (P): Processing attachment: https://s33834.pcdn.co/onboarding-gutenberg/wp-content/uploads/sites/179/2018/09/alexis-client_signature.png...
[09/Apr/2022:08:28:45] (P): Fetching attachment from url: https://s33834.pcdn.co/onboarding-gutenberg/wp-content/uploads/sites/179/2018/09/alexis-client_signature.png...
[09/Apr/2022:08:28:45] (S): Fetched remote attachment.
[09/Apr/2022:08:28:45] (P): Inserting attachment...
[09/Apr/2022:08:28:45] (S): Attachment inserted
[09/Apr/2022:08:28:45] (S): Processed attachment.
[09/Apr/2022:08:28:45] (P): Processing attachment: https://s33834.pcdn.co/onboarding-gutenberg/wp-content/uploads/sites/179/2018/09/blog-2.jpg...
[09/Apr/2022:08:28:45] (P): Fetching attachment from url: https://s33834.pcdn.co/onboarding-gutenberg/wp-content/uploads/sites/179/2018/09/blog-2.jpg...
[09/Apr/2022:08:28:45] (S): Fetched remote attachment.
[09/Apr/2022:08:28:45] (P): Inserting attachment...
[09/Apr/2022:08:28:45] (S): Attachment inserted
[09/Apr/2022:08:28:45] (S): Processed attachment.
[09/Apr/2022:08:28:46] (P): Processing attachment: https://s33834.pcdn.co/onboarding-gutenberg/wp-content/uploads/sites/179/2018/10/fruits-mix-smoothie1.jpg...
[09/Apr/2022:08:28:46] (P): Fetching attachment from url: https://s33834.pcdn.co/onboarding-gutenberg/wp-content/uploads/sites/179/2018/10/fruits-mix-smoothie1.jpg...
[09/Apr/2022:08:28:46] (S): Fetched remote attachment.
[09/Apr/2022:08:28:46] (P): Inserting attachment...
[09/Apr/2022:08:28:46] (S): Attachment inserted
[09/Apr/2022:08:28:46] (S): Processed attachment.
[09/Apr/2022:08:28:46] (P): Processing attachment: https://s33834.pcdn.co/onboarding-gutenberg/wp-content/uploads/sites/179/2018/10/fruit-mix-smoothie1-1.jpg...
[09/Apr/2022:08:28:46] (P): Fetching attachment from url: https://s33834.pcdn.co/onboarding-gutenberg/wp-content/uploads/sites/179/2018/10/fruit-mix-smoothie1-1.jpg...
[09/Apr/2022:08:28:46] (S): Fetched remote attachment.
[09/Apr/2022:08:28:46] (P): Inserting attachment...
[09/Apr/2022:08:28:46] (S): Attachment inserted
[09/Apr/2022:08:28:46] (S): Processed attachment.
[09/Apr/2022:08:28:46] (P): Processing attachment: https://s33834.pcdn.co/onboarding-gutenberg/wp-content/uploads/sites/179/2018/10/kiwi-strawberry-smoothie1.jpg...
[09/Apr/2022:08:28:46] (P): Fetching attachment from url: https://s33834.pcdn.co/onboarding-gutenberg/wp-content/uploads/sites/179/2018/10/kiwi-strawberry-smoothie1.jpg...
[09/Apr/2022:08:28:46] (S): Fetched remote attachment.
[09/Apr/2022:08:28:46] (P): Inserting attachment...
[09/Apr/2022:08:28:46] (S): Attachment inserted
[09/Apr/2022:08:28:46] (S): Processed attachment.
[09/Apr/2022:08:28:46] (P): Processing attachment: https://s33834.pcdn.co/onboarding-gutenberg/wp-content/uploads/sites/179/2018/10/berries-yoghurt-smoothie1.jpg...
[09/Apr/2022:08:28:46] (P): Fetching attachment from url: https://s33834.pcdn.co/onboarding-gutenberg/wp-content/uploads/sites/179/2018/10/berries-yoghurt-smoothie1.jpg...
[09/Apr/2022:08:28:47] (S): Fetched remote attachment.
[09/Apr/2022:08:28:47] (P): Inserting attachment...
[09/Apr/2022:08:28:47] (S): Attachment inserted
[09/Apr/2022:08:28:47] (S): Processed attachment.
[09/Apr/2022:08:28:47] (P): Processing attachment: https://s33834.pcdn.co/onboarding-gutenberg/wp-content/uploads/sites/179/2018/10/strawberry-lime-smoothie1.jpg...
[09/Apr/2022:08:28:47] (P): Fetching attachment from url: https://s33834.pcdn.co/onboarding-gutenberg/wp-content/uploads/sites/179/2018/10/strawberry-lime-smoothie1.jpg...
[09/Apr/2022:08:28:47] (S): Fetched remote attachment.
[09/Apr/2022:08:28:47] (P): Inserting attachment...
[09/Apr/2022:08:28:47] (S): Attachment inserted
[09/Apr/2022:08:28:47] (S): Processed attachment.
[09/Apr/2022:08:28:47] (P): Processing attachment: https://s33834.pcdn.co/onboarding-gutenberg/wp-content/uploads/sites/179/2018/10/spicy-strawberry-smoothie1.jpg...
[09/Apr/2022:08:28:47] (P): Fetching attachment from url: https://s33834.pcdn.co/onboarding-gutenberg/wp-content/uploads/sites/179/2018/10/spicy-strawberry-smoothie1.jpg...
[09/Apr/2022:08:28:47] (S): Fetched remote attachment.
[09/Apr/2022:08:28:47] (P): Inserting attachment...
[09/Apr/2022:08:28:47] (S): Attachment inserted
[09/Apr/2022:08:28:47] (S): Processed attachment.
[09/Apr/2022:08:28:47] (P): Processing attachment: https://s33834.pcdn.co/onboarding-gutenberg/wp-content/uploads/sites/179/2018/10/blueberry-smoothie1.jpg...
[09/Apr/2022:08:28:47] (P): Fetching attachment from url: https://s33834.pcdn.co/onboarding-gutenberg/wp-content/uploads/sites/179/2018/10/blueberry-smoothie1.jpg...
[09/Apr/2022:08:28:47] (S): Fetched remote attachment.
[09/Apr/2022:08:28:47] (P): Inserting attachment...
[09/Apr/2022:08:28:47] (S): Attachment inserted
[09/Apr/2022:08:28:47] (S): Processed attachment.
[09/Apr/2022:08:28:48] (P): Processing attachment: https://s33834.pcdn.co/onboarding-gutenberg/wp-content/uploads/sites/179/2018/10/strawberry-peppermint-smoothie1.jpg...
[09/Apr/2022:08:28:48] (P): Fetching attachment from url: https://s33834.pcdn.co/onboarding-gutenberg/wp-content/uploads/sites/179/2018/10/strawberry-peppermint-smoothie1.jpg...
[09/Apr/2022:08:28:48] (S): Fetched remote attachment.
[09/Apr/2022:08:28:48] (P): Inserting attachment...
[09/Apr/2022:08:28:48] (S): Attachment inserted
[09/Apr/2022:08:28:48] (S): Processed attachment.
[09/Apr/2022:08:28:48] (P): Processing attachment: https://s33834.pcdn.co/onboarding-gutenberg/wp-content/uploads/sites/179/2018/10/strawberry-smoothie1.jpg...
[09/Apr/2022:08:28:48] (P): Fetching attachment from url: https://s33834.pcdn.co/onboarding-gutenberg/wp-content/uploads/sites/179/2018/10/strawberry-smoothie1.jpg...
[09/Apr/2022:08:28:48] (S): Fetched remote attachment.
[09/Apr/2022:08:28:48] (P): Inserting attachment...
[09/Apr/2022:08:28:48] (S): Attachment inserted
[09/Apr/2022:08:28:48] (S): Processed attachment.
[09/Apr/2022:08:28:48] (P): Processing attachment: https://s33834.pcdn.co/onboarding-gutenberg/wp-content/uploads/sites/179/2018/09/blog-1.jpg...
[09/Apr/2022:08:28:48] (P): Fetching attachment from url: https://s33834.pcdn.co/onboarding-gutenberg/wp-content/uploads/sites/179/2018/09/blog-1.jpg...
[09/Apr/2022:08:28:48] (S): Fetched remote attachment.
[09/Apr/2022:08:28:48] (P): Inserting attachment...
[09/Apr/2022:08:28:48] (S): Attachment inserted
[09/Apr/2022:08:28:48] (S): Processed attachment.
[09/Apr/2022:08:28:48] (P): Processing attachment: https://s33834.pcdn.co/onboarding-gutenberg/wp-content/uploads/sites/179/2018/10/cropped-neve_onlight.png...
[09/Apr/2022:08:28:48] (P): Fetching attachment from url: https://s33834.pcdn.co/onboarding-gutenberg/wp-content/uploads/sites/179/2018/10/cropped-neve_onlight.png...
[09/Apr/2022:08:28:48] (S): Fetched remote attachment.
[09/Apr/2022:08:28:48] (P): Inserting attachment...
[09/Apr/2022:08:28:48] (S): Attachment inserted
[09/Apr/2022:08:28:48] (S): Processed attachment.
[09/Apr/2022:08:28:48] (P): Processing attachment: https://s33834.pcdn.co/onboarding-gutenberg/wp-content/uploads/sites/179/2018/12/nv-big-title-sprites1.png...
[09/Apr/2022:08:28:48] (P): Fetching attachment from url: https://s33834.pcdn.co/onboarding-gutenberg/wp-content/uploads/sites/179/2018/12/nv-big-title-sprites1.png...
[09/Apr/2022:08:28:48] (S): Fetched remote attachment.
[09/Apr/2022:08:28:48] (P): Inserting attachment...
[09/Apr/2022:08:28:49] (S): Attachment inserted
[09/Apr/2022:08:28:49] (S): Processed attachment.
[09/Apr/2022:08:28:49] (P): Processing attachment: https://s33834.pcdn.co/onboarding-gutenberg/wp-content/uploads/sites/179/2018/12/neve-play1.png...
[09/Apr/2022:08:28:49] (P): Fetching attachment from url: https://s33834.pcdn.co/onboarding-gutenberg/wp-content/uploads/sites/179/2018/12/neve-play1.png...
[09/Apr/2022:08:28:49] (S): Fetched remote attachment.
[09/Apr/2022:08:28:49] (P): Inserting attachment...
[09/Apr/2022:08:28:49] (S): Attachment inserted
[09/Apr/2022:08:28:49] (S): Processed attachment.
[09/Apr/2022:08:28:49] (P): Processing attachment: https://s33834.pcdn.co/onboarding-gutenberg/wp-content/uploads/sites/179/2018/12/nv-key-points-sprites2.png...
[09/Apr/2022:08:28:49] (P): Fetching attachment from url: https://s33834.pcdn.co/onboarding-gutenberg/wp-content/uploads/sites/179/2018/12/nv-key-points-sprites2.png...
[09/Apr/2022:08:28:49] (S): Fetched remote attachment.
[09/Apr/2022:08:28:49] (P): Inserting attachment...
[09/Apr/2022:08:28:49] (S): Attachment inserted
[09/Apr/2022:08:28:49] (S): Processed attachment.
[09/Apr/2022:08:28:49] (P): Processing attachment: https://s33834.pcdn.co/onboarding-gutenberg/wp-content/uploads/sites/179/2018/12/nv-stats-sprites.png...
[09/Apr/2022:08:28:49] (P): Fetching attachment from url: https://s33834.pcdn.co/onboarding-gutenberg/wp-content/uploads/sites/179/2018/12/nv-stats-sprites.png...
[09/Apr/2022:08:28:49] (S): Fetched remote attachment.
[09/Apr/2022:08:28:49] (P): Inserting attachment...
[09/Apr/2022:08:28:49] (S): Attachment inserted
[09/Apr/2022:08:28:49] (S): Processed attachment.
[09/Apr/2022:08:28:49] (P): Processing attachment: https://s33834.pcdn.co/onboarding-gutenberg/wp-content/uploads/sites/179/2018/12/nv-benefits-sprites1.png...
[09/Apr/2022:08:28:49] (P): Fetching attachment from url: https://s33834.pcdn.co/onboarding-gutenberg/wp-content/uploads/sites/179/2018/12/nv-benefits-sprites1.png...
[09/Apr/2022:08:28:49] (S): Fetched remote attachment.
[09/Apr/2022:08:28:49] (P): Inserting attachment...
[09/Apr/2022:08:28:49] (S): Attachment inserted
[09/Apr/2022:08:28:49] (S): Processed attachment.
[09/Apr/2022:08:28:49] (P): Processing attachment: https://s33834.pcdn.co/onboarding-gutenberg/wp-content/uploads/sites/179/2018/12/nv-social-sprites2.png...
[09/Apr/2022:08:28:49] (P): Fetching attachment from url: https://s33834.pcdn.co/onboarding-gutenberg/wp-content/uploads/sites/179/2018/12/nv-social-sprites2.png...
[09/Apr/2022:08:28:49] (S): Fetched remote attachment.
[09/Apr/2022:08:28:49] (P): Inserting attachment...
[09/Apr/2022:08:28:50] (S): Attachment inserted
[09/Apr/2022:08:28:50] (S): Processed attachment.
[09/Apr/2022:08:28:50] (P): Processing attachment: https://s33834.pcdn.co/onboarding-gutenberg/wp-content/uploads/sites/179/2019/04/neve-logo-imgtext.png...
[09/Apr/2022:08:28:50] (P): Fetching attachment from url: https://s33834.pcdn.co/onboarding-gutenberg/wp-content/uploads/sites/179/2019/04/neve-logo-imgtext.png...
[09/Apr/2022:08:28:50] (S): Fetched remote attachment.
[09/Apr/2022:08:28:50] (P): Inserting attachment...
[09/Apr/2022:08:28:50] (S): Attachment inserted
[09/Apr/2022:08:28:50] (S): Processed attachment.
[09/Apr/2022:08:28:50] (P): Inserting custom_css: neve .
[09/Apr/2022:08:28:50] (S): Done inserting custom_css: neve .
[09/Apr/2022:08:28:50] (P): Processing attachment: https://s33834.pcdn.co/onboarding-gutenberg/wp-content/uploads/sites/179/2018/09/blog-3.jpg...
[09/Apr/2022:08:28:50] (P): Fetching attachment from url: https://s33834.pcdn.co/onboarding-gutenberg/wp-content/uploads/sites/179/2018/09/blog-3.jpg...
[09/Apr/2022:08:28:50] (S): Fetched remote attachment.
[09/Apr/2022:08:28:50] (P): Inserting attachment...
[09/Apr/2022:08:28:50] (S): Attachment inserted
[09/Apr/2022:08:28:50] (S): Processed attachment.
[09/Apr/2022:08:28:50] (P): Processing attachment: https://s33834.pcdn.co/onboarding-gutenberg/wp-content/uploads/sites/179/2018/12/nv-team1-1.jpg...
[09/Apr/2022:08:28:50] (P): Fetching attachment from url: https://s33834.pcdn.co/onboarding-gutenberg/wp-content/uploads/sites/179/2018/12/nv-team1-1.jpg...
[09/Apr/2022:08:28:50] (S): Fetched remote attachment.
[09/Apr/2022:08:28:50] (P): Inserting attachment...
[09/Apr/2022:08:28:51] (S): Attachment inserted
[09/Apr/2022:08:28:51] (S): Processed attachment.
[09/Apr/2022:08:28:51] (P): Processing attachment: https://s33834.pcdn.co/onboarding-gutenberg/wp-content/uploads/sites/179/2018/12/nv-team2-2.jpg...
[09/Apr/2022:08:28:51] (P): Fetching attachment from url: https://s33834.pcdn.co/onboarding-gutenberg/wp-content/uploads/sites/179/2018/12/nv-team2-2.jpg...
[09/Apr/2022:08:28:51] (S): Fetched remote attachment.
[09/Apr/2022:08:28:51] (P): Inserting attachment...
[09/Apr/2022:08:28:51] (S): Attachment inserted
[09/Apr/2022:08:28:51] (S): Processed attachment.
[09/Apr/2022:08:28:51] (P): Processing attachment: https://s33834.pcdn.co/onboarding-gutenberg/wp-content/uploads/sites/179/2018/12/nv-team3-3.jpg...
[09/Apr/2022:08:28:51] (P): Fetching attachment from url: https://s33834.pcdn.co/onboarding-gutenberg/wp-content/uploads/sites/179/2018/12/nv-team3-3.jpg...
[09/Apr/2022:08:28:52] (S): Fetched remote attachment.
[09/Apr/2022:08:28:52] (P): Inserting attachment...
[09/Apr/2022:08:28:52] (S): Attachment inserted
[09/Apr/2022:08:28:52] (S): Processed attachment.
[09/Apr/2022:08:28:52] (P): Processing attachment: https://s33834.pcdn.co/onboarding-gutenberg/wp-content/uploads/sites/179/2018/12/nv-team4-4.jpg...
[09/Apr/2022:08:28:52] (P): Fetching attachment from url: https://s33834.pcdn.co/onboarding-gutenberg/wp-content/uploads/sites/179/2018/12/nv-team4-4.jpg...
[09/Apr/2022:08:28:52] (S): Fetched remote attachment.
[09/Apr/2022:08:28:52] (P): Inserting attachment...
[09/Apr/2022:08:28:52] (S): Attachment inserted
[09/Apr/2022:08:28:52] (S): Processed attachment.
[09/Apr/2022:08:28:52] (P): Processing single menu item ' '...
[09/Apr/2022:08:28:52] (P): Processing single menu item ' Sections '...
[09/Apr/2022:08:28:52] (P): Processing attachment: https://s33834.pcdn.co/onboarding-gutenberg/wp-content/uploads/sites/179/2019/07/path.jpg...
[09/Apr/2022:08:28:52] (P): Fetching attachment from url: https://s33834.pcdn.co/onboarding-gutenberg/wp-content/uploads/sites/179/2019/07/path.jpg...
[09/Apr/2022:08:28:52] (S): Fetched remote attachment.
[09/Apr/2022:08:28:52] (P): Inserting attachment...
[09/Apr/2022:08:28:52] (S): Attachment inserted
[09/Apr/2022:08:28:52] (S): Processed attachment.
[09/Apr/2022:08:28:52] (P): Processing attachment: https://s33834.pcdn.co/onboarding-gutenberg/wp-content/uploads/sites/179/2019/07/street-at-night.jpg...
[09/Apr/2022:08:28:52] (P): Fetching attachment from url: https://s33834.pcdn.co/onboarding-gutenberg/wp-content/uploads/sites/179/2019/07/street-at-night.jpg...
[09/Apr/2022:08:28:53] (S): Fetched remote attachment.
[09/Apr/2022:08:28:53] (P): Inserting attachment...
[09/Apr/2022:08:28:53] (S): Attachment inserted
[09/Apr/2022:08:28:53] (S): Processed attachment.
[09/Apr/2022:08:28:53] (P): Processing attachment: https://s33834.pcdn.co/onboarding-gutenberg/wp-content/uploads/sites/179/woocommerce-placeholder.png...
[09/Apr/2022:08:28:53] (P): Fetching attachment from url: https://s33834.pcdn.co/onboarding-gutenberg/wp-content/uploads/sites/179/woocommerce-placeholder.png...
[09/Apr/2022:08:28:53] (S): Fetched remote attachment.
[09/Apr/2022:08:28:53] (P): Inserting attachment...
[09/Apr/2022:08:28:53] (S): Attachment inserted
[09/Apr/2022:08:28:53] (S): Processed attachment.
[09/Apr/2022:08:28:53] (P): Processing single menu item ' '...
[09/Apr/2022:08:28:53] (P): Processing single menu item ' About us '...
[09/Apr/2022:08:28:53] (S): Processed single menu item.
[09/Apr/2022:08:28:53] (P): Processing single menu item ' Our Focus '...
[09/Apr/2022:08:28:53] (S): Processed single menu item.
[09/Apr/2022:08:28:53] (P): Processing single menu item ' Our Team '...
[09/Apr/2022:08:28:53] (S): Processed single menu item.
[09/Apr/2022:08:28:53] (P): Processing single menu item ' Features '...
[09/Apr/2022:08:28:53] (S): Processed single menu item.
[09/Apr/2022:08:28:53] (P): Processing single menu item ' Pricing '...
[09/Apr/2022:08:28:54] (S): Processed single menu item.
[09/Apr/2022:08:28:54] (P): Processing single menu item ' Testimonials '...
[09/Apr/2022:08:28:54] (S): Processed single menu item.
[09/Apr/2022:08:28:54] (P): Processing single menu item ' Contact us '...
[09/Apr/2022:08:28:54] (S): Processed single menu item.
[09/Apr/2022:08:28:54] (P): Processing single menu item ' '...
[09/Apr/2022:08:28:54] (P): Inserting page: Blog .
[09/Apr/2022:08:28:54] (S): Done inserting page: Blog .
[09/Apr/2022:08:28:54] (P): Inserting product: Strawberry Smoothie .
[09/Apr/2022:08:28:54] (S): Done inserting product: Strawberry Smoothie .
[09/Apr/2022:08:28:54] (P): Inserting product: Strawberry and Peppermint Smoothie .
[09/Apr/2022:08:28:54] (S): Done inserting product: Strawberry and Peppermint Smoothie .
[09/Apr/2022:08:28:55] (P): Inserting product: Blueberry Smoothie .
[09/Apr/2022:08:28:55] (S): Done inserting product: Blueberry Smoothie .
[09/Apr/2022:08:28:55] (P): Inserting product: Spicy Strawberry Smoothie .
[09/Apr/2022:08:28:55] (S): Done inserting product: Spicy Strawberry Smoothie .
[09/Apr/2022:08:28:56] (P): Inserting product: Strawberry Lime Smoothie .
[09/Apr/2022:08:28:56] (S): Done inserting product: Strawberry Lime Smoothie .
[09/Apr/2022:08:28:56] (P): Inserting product: Berries and Yogurt Smoothie .
[09/Apr/2022:08:28:57] (S): Done inserting product: Berries and Yogurt Smoothie .
[09/Apr/2022:08:28:57] (P): Inserting product: Kiwi and Strawberry Smoothie .
[09/Apr/2022:08:28:57] (S): Done inserting product: Kiwi and Strawberry Smoothie .
[09/Apr/2022:08:28:57] (P): Inserting product: Fruit Mix Smoothie .
[09/Apr/2022:08:28:57] (S): Done inserting product: Fruit Mix Smoothie .
[09/Apr/2022:08:28:58] (P): Inserting product: Fruits Mix Smoothie .
[09/Apr/2022:08:28:58] (S): Done inserting product: Fruits Mix Smoothie .
[09/Apr/2022:08:28:58] (P): Inserting page: Home .
[09/Apr/2022:08:28:58] (S): Done inserting page: Home .
[09/Apr/2022:08:28:58] (P): Inserting page: Shop .
[09/Apr/2022:08:28:58] (S): Done inserting page: Shop .
[09/Apr/2022:08:28:58] (P): Inserting page: Cart .
[09/Apr/2022:08:28:58] (S): Done inserting page: Cart .
[09/Apr/2022:08:28:58] (P): Inserting page: Checkout .
[09/Apr/2022:08:28:58] (S): Done inserting page: Checkout .
[09/Apr/2022:08:28:58] (P): Inserting page: My account .
[09/Apr/2022:08:28:58] (S): Done inserting page: My account .
[09/Apr/2022:08:28:58] (S): Processed posts.
[09/Apr/2022:08:28:58] (P): Processing single menu item ' '...
[09/Apr/2022:08:28:58] (S): Processed single menu item.
[09/Apr/2022:08:28:58] (P): Processing single menu item ' Sections '...
[09/Apr/2022:08:28:58] (S): Processed single menu item.
[09/Apr/2022:08:28:58] (P): Processing single menu item ' '...
[09/Apr/2022:08:28:58] (S): Processed single menu item.
[09/Apr/2022:08:28:58] (P): Processing single menu item ' '...
[09/Apr/2022:08:28:59] (S): Processed single menu item.
[09/Apr/2022:08:28:59] (P): Cleaning up import with id ...
[09/Apr/2022:08:28:59] (P): Done cleanup. Flushing cache...
[09/Apr/2022:08:28:59] (P): Flushed cache. Removing temporary data..
[09/Apr/2022:08:28:59] (S): Done importing
[09/Apr/2022:08:28:59] (P): Busting elementor cache
[09/Apr/2022:08:28:59] (S): Front page set up with id: 645.
[09/Apr/2022:08:28:59] (P): Setting up shop page.
[09/Apr/2022:08:28:59] (S): Shop pages set up.
